	Exporter version: 4.6.1, Blender version: 2.71 (sub 0)
========= Conversion from Blender to Babylon.js =========
	Scene settings used:
		selected layers only:  false
		flat shading entire scene:  false
		inline textures:  false
		texture directory:  C:\Users\trong\vm\ragnarookii\public\models\
	Python World class constructor completed
	processing begun of mesh:  SketchUp.003
		processing begun of Standard material:  Color_A04.001
		num positions      :  144
		num normals        :  144
		num uvs            :  0
		num uvs2           :  0
		num colors         :  0
		num indices        :  144
	processing begun of mesh:  SketchUp.002
		registered as also a user of material:  Color_A04.001
		num positions      :  1792
		num normals        :  1792
		num uvs            :  0
		num uvs2           :  0
		num colors         :  0
		num indices        :  4668
	processing begun of mesh:  SketchUp.001
		registered as also a user of material:  Color_A04.001
		num positions      :  320
		num normals        :  320
		num uvs            :  0
		num uvs2           :  0
		num colors         :  0
		num indices        :  720
	processing begun of mesh:  SketchUp
		registered as also a user of material:  Color_A04.001
		num positions      :  4576
		num normals        :  4576
		num uvs            :  0
		num uvs2           :  0
		num colors         :  0
		num indices        :  11844
	processing begun of camera (FreeCamera):  Camera
	processing begun of light (POINT):  Lamp
========= Writing of scene file started =========
========= Writing of scene file completed =========
========= end of processing =========
elapsed time:  0 min, 0.3456 secs
